<?xml version="1.0" encoding="utf-8"?><testsuites name="pytest tests"><testsuite name="pytest" errors="7" failures="41" skipped="0" tests="74" time="5.098" timestamp="2026-09-03T16:19:07.550965+00:00" hostname="agent-env-94f893c0-cbce-423a-b9f4-a9ced8d30156"><testcase classname="tests.test_fiskid_api.TestFiscalProfile" name="test_create_individual_valid" time="0.438"><failure message="assert 401 == 200&#10; +  where 401 = &lt;Response [401]&gt;.status_code">backend/tests/test_fiskid_api.py:117: in test_create_individual_valid
    h = self._reauth(s)
        ^^^^^^^^^^^^^^^
backend/tests/test_fiskid_api.py:113: in _reauth
    assert r.status_code == 200
E   assert 401 == 200
E    +  where 401 = &lt;Response [401]&gt;.status_code</failure></testcase><testcase classname="tests.test_fiskid_api.TestFiscalProfile" name="test_missing_tax_code_individual_422" time="0.000"><failure message="KeyError: 'auth'">backend/tests/test_fiskid_api.py:130: in test_missing_tax_code_individual_422
    r = s.post(f"{API}/fiscal-profile", json=payload, headers=STATE["auth"])
                                                              ^^^^^^^^^^^^^
E   KeyError: 'auth'</failure></testcase><testcase classname="tests.test_fiskid_api.TestFiscalProfile" name="test_company_vat_not_11_digits_422" time="0.000"><failure message="KeyError: 'auth'">backend/tests/test_fiskid_api.py:136: in test_company_vat_not_11_digits_422
    r = s.post(f"{API}/fiscal-profile", json=payload, headers=STATE["auth"])
                                                              ^^^^^^^^^^^^^
E   KeyError: 'auth'</failure></testcase><testcase classname="tests.test_fiskid_api.TestFiscalProfile" name="test_company_missing_business_name_422" time="0.000"><failure message="KeyError: 'auth'">backend/tests/test_fiskid_api.py:142: in test_company_missing_business_name_422
    r = s.post(f"{API}/fiscal-profile", json=payload, headers=STATE["auth"])
                                                              ^^^^^^^^^^^^^
E   KeyError: 'auth'</failure></testcase><testcase classname="tests.test_fiskid_api.TestFiscalProfile" name="test_cap_not_5_digits_422" time="0.000"><failure message="KeyError: 'auth'">backend/tests/test_fiskid_api.py:147: in test_cap_not_5_digits_422
    r = s.post(f"{API}/fiscal-profile", json=payload, headers=STATE["auth"])
                                                              ^^^^^^^^^^^^^
E   KeyError: 'auth'</failure></testcase><testcase classname="tests.test_fiskid_api.TestFiscalProfile" name="test_invalid_recipient_code_422" time="0.000"><failure message="KeyError: 'auth'">backend/tests/test_fiskid_api.py:152: in test_invalid_recipient_code_422
    r = s.post(f"{API}/fiscal-profile", json=payload, headers=STATE["auth"])
                                                              ^^^^^^^^^^^^^
E   KeyError: 'auth'</failure></testcase><testcase classname="tests.test_fiskid_api.TestFiscalProfile" name="test_get_profile_no_leak" time="0.000"><failure message="KeyError: 'auth'">backend/tests/test_fiskid_api.py:156: in test_get_profile_no_leak
    r = s.get(f"{API}/fiscal-profile", headers=STATE["auth"])
                                               ^^^^^^^^^^^^^
E   KeyError: 'auth'</failure></testcase><testcase classname="tests.test_fiskid_api.TestFiscalProfile" name="test_upsert_updates_same_document" time="0.000"><failure message="KeyError: 'auth'">backend/tests/test_fiskid_api.py:165: in test_upsert_updates_same_document
    r1 = s.post(f"{API}/fiscal-profile", json=payload, headers=STATE["auth"])
                                                               ^^^^^^^^^^^^^
E   KeyError: 'auth'</failure></testcase><testcase classname="tests.test_delegates.TestAddDelegate" name="test_non_company_400" time="0.000"><failure message="KeyError: 'personal_id'">backend/tests/test_delegates.py:116: in test_non_company_400
    f"{API}/fiscal-profiles/{STATE['personal_id']}/delegates",
                             ^^^^^^^^^^^^^^^^^^^^
E   KeyError: 'personal_id'</failure></testcase><testcase classname="tests.test_delegates.TestAddDelegate" name="test_other_user_admin_only_404" time="0.000"><failure message="KeyError: 'company_id'">backend/tests/test_delegates.py:125: in test_other_user_admin_only_404
    f"{API}/fiscal-profiles/{STATE['company_id']}/delegates",
                             ^^^^^^^^^^^^^^^^^^^
E   KeyError: 'company_id'</failure></testcase><testcase classname="tests.test_delegates.TestAddDelegate" name="test_self_delegation_400" time="0.000"><failure message="KeyError: 'company_id'">backend/tests/test_delegates.py:133: in test_self_delegation_400
    f"{API}/fiscal-profiles/{STATE['company_id']}/delegates",
                             ^^^^^^^^^^^^^^^^^^^
E   KeyError: 'company_id'</failure></testcase><testcase classname="tests.test_delegates.TestAddDelegate" name="test_empty_permissions_422" time="0.000"><failure message="KeyError: 'company_id'">backend/tests/test_delegates.py:141: in test_empty_permissions_422
    f"{API}/fiscal-profiles/{STATE['company_id']}/delegates",
                             ^^^^^^^^^^^^^^^^^^^
E   KeyError: 'company_id'</failure></testcase><testcase classname="tests.test_delegates.TestAddDelegate" name="test_invite_unregistered_email_status_invited" time="0.000"><failure message="KeyError: 'company_id'">backend/tests/test_delegates.py:149: in test_invite_unregistered_email_status_invited
    f"{API}/fiscal-profiles/{STATE['company_id']}/delegates",
                             ^^^^^^^^^^^^^^^^^^^
E   KeyError: 'company_id'</failure></testcase><testcase classname="tests.test_delegates.TestAddDelegate" name="test_duplicate_409" time="0.000"><failure message="KeyError: 'company_id'">backend/tests/test_delegates.py:163: in test_duplicate_409
    f"{API}/fiscal-profiles/{STATE['company_id']}/delegates",
                             ^^^^^^^^^^^^^^^^^^^
E   KeyError: 'company_id'</failure></testcase><testcase classname="tests.test_delegates.TestAddDelegate" name="test_invite_already_registered_email_status_active" time="0.539"><failure message="KeyError: 'company_id'">backend/tests/test_delegates.py:173: in test_invite_already_registered_email_status_active
    f"{API}/fiscal-profiles/{STATE['company_id']}/delegates",
                             ^^^^^^^^^^^^^^^^^^^
E   KeyError: 'company_id'</failure></testcase><testcase classname="tests.test_multi_identity_wallet.TestMultiProfiles" name="test_create_first_profile_is_default" time="0.682" /><testcase classname="tests.test_multi_identity_wallet.TestMultiProfiles" name="test_create_second_profile_is_not_default" time="0.095" /><testcase classname="tests.test_multi_identity_wallet.TestMultiProfiles" name="test_create_validation_still_422" time="0.090" /><testcase classname="tests.test_multi_identity_wallet.TestMultiProfiles" name="test_list_profiles" time="0.088" /><testcase classname="tests.test_multi_identity_wallet.TestMultiProfiles" name="test_get_profile_by_id" time="0.088" /><testcase classname="tests.test_multi_identity_wallet.TestMultiProfiles" name="test_get_profile_bad_objectid_404" time="0.085" /><testcase classname="tests.test_delegates.TestManageDelegates" name="test_patch_wrong_admin_404" time="0.000"><failure message="KeyError: 'company_id'">backend/tests/test_delegates.py:294: in test_patch_wrong_admin_404
    f"{API}/fiscal-profiles/{STATE['company_id']}/delegates/{STATE['delegate_row_id']}",
                             ^^^^^^^^^^^^^^^^^^^
E   KeyError: 'company_id'</failure></testcase><testcase classname="tests.test_delegates.TestManageDelegates" name="test_patch_empty_perms_422" time="0.000"><failure message="KeyError: 'company_id'">backend/tests/test_delegates.py:302: in test_patch_empty_perms_422
    f"{API}/fiscal-profiles/{STATE['company_id']}/delegates/{STATE['delegate_row_id']}",
                             ^^^^^^^^^^^^^^^^^^^
E   KeyError: 'company_id'</failure></testcase><testcase classname="tests.test_delegates.TestManageDelegates" name="test_patch_missing_perms_field_422" time="0.000"><failure message="KeyError: 'company_id'">backend/tests/test_delegates.py:310: in test_patch_missing_perms_field_422
    f"{API}/fiscal-profiles/{STATE['company_id']}/delegates/{STATE['delegate_row_id']}",
                             ^^^^^^^^^^^^^^^^^^^
E   KeyError: 'company_id'</failure></testcase><testcase classname="tests.test_delegates.TestManageDelegates" name="test_patch_updates_permissions" time="0.000"><failure message="KeyError: 'company_id'">backend/tests/test_delegates.py:318: in test_patch_updates_permissions
    f"{API}/fiscal-profiles/{STATE['company_id']}/delegates/{STATE['delegate_row_id']}",
                             ^^^^^^^^^^^^^^^^^^^
E   KeyError: 'company_id'</failure></testcase><testcase classname="tests.test_delegates.TestManageDelegates" name="test_delegate_receive_only_after_patch_cannot_send" time="0.000"><failure message="KeyError: 'company_id'">backend/tests/test_delegates.py:333: in test_delegate_receive_only_after_patch_cannot_send
    json={"fiscal_profile_id": STATE["company_id"]},
                               ^^^^^^^^^^^^^^^^^^^
E   KeyError: 'company_id'</failure></testcase><testcase classname="tests.test_delegates.TestManageDelegates" name="test_wallet_tokens_accessible_by_delegate" time="0.000"><failure message="KeyError: 'company_id'">backend/tests/test_delegates.py:341: in test_wallet_tokens_accessible_by_delegate
    f"{API}/fiscal-profiles/{STATE['company_id']}/wallet-tokens",
                             ^^^^^^^^^^^^^^^^^^^
E   KeyError: 'company_id'</failure></testcase><testcase classname="tests.test_delegates.TestManageDelegates" name="test_delete_delegate_revokes" time="0.000"><failure message="KeyError: 'company_id'">backend/tests/test_delegates.py:350: in test_delete_delegate_revokes
    f"{API}/fiscal-profiles/{STATE['company_id']}/delegates/{STATE['delegate_row_id']}",
                             ^^^^^^^^^^^^^^^^^^^
E   KeyError: 'company_id'</failure></testcase><testcase classname="tests.test_multi_identity_wallet.TestMultiProfiles" name="test_get_profile_other_user_404" time="0.409" /><testcase classname="tests.test_fiskid_api.TestAuth" name="test_register_duplicate_409" time="0.512" /><testcase classname="tests.test_multi_identity_wallet.TestMultiProfiles" name="test_update_profile" time="0.100" /><testcase classname="tests.test_fiskid_api.TestAuth" name="test_register_short_password_422" time="0.083" /><testcase classname="tests.test_multi_identity_wallet.TestMultiProfiles" name="test_update_other_user_404" time="0.092" /><testcase classname="tests.test_fiskid_api.TestAuth" name="test_login_valid" time="0.314" /><testcase classname="tests.test_multi_identity_wallet.TestMultiProfiles" name="test_update_validation_422" time="0.089" /><testcase classname="tests.test_multi_identity_wallet.TestMultiProfiles" name="test_set_default" time="0.195" /><testcase classname="tests.test_fiskid_api.TestAuth" name="test_login_wrong_password_401" time="0.308" /><testcase classname="tests.test_delegates.TestDelegateProfileAccess" name="test_delegate_get_profile_by_id" time="0.000"><failure message="KeyError: 'company_id'">backend/tests/test_delegates.py:223: in test_delegate_get_profile_by_id
    r = s.get(f"{API}/fiscal-profiles/{STATE['company_id']}", headers=STATE["delegate_auth"])
                                       ^^^^^^^^^^^^^^^^^^^
E   KeyError: 'company_id'</failure></testcase><testcase classname="tests.test_delegates.TestDelegateProfileAccess" name="test_unrelated_user_get_profile_404" time="0.000"><failure message="KeyError: 'company_id'">backend/tests/test_delegates.py:231: in test_unrelated_user_get_profile_404
    r = s.get(f"{API}/fiscal-profiles/{STATE['company_id']}", headers=STATE["unrelated_auth"])
                                       ^^^^^^^^^^^^^^^^^^^
E   KeyError: 'company_id'</failure></testcase><testcase classname="tests.test_delegates.TestDelegateProfileAccess" name="test_delegate_put_profile_404" time="0.000"><failure message="KeyError: 'company_id'">backend/tests/test_delegates.py:236: in test_delegate_put_profile_404
    f"{API}/fiscal-profiles/{STATE['company_id']}",
                             ^^^^^^^^^^^^^^^^^^^
E   KeyError: 'company_id'</failure></testcase><testcase classname="tests.test_delegates.TestDelegateProfileAccess" name="test_delegate_delete_profile_404" time="0.000"><failure message="KeyError: 'company_id'">backend/tests/test_delegates.py:243: in test_delegate_delete_profile_404
    r = s.delete(f"{API}/fiscal-profiles/{STATE['company_id']}", headers=STATE["delegate_auth"])
                                          ^^^^^^^^^^^^^^^^^^^
E   KeyError: 'company_id'</failure></testcase><testcase classname="tests.test_delegates.TestDelegateProfileAccess" name="test_delegate_set_default_404" time="0.000"><failure message="KeyError: 'company_id'">backend/tests/test_delegates.py:247: in test_delegate_set_default_404
    r = s.post(f"{API}/fiscal-profiles/{STATE['company_id']}/set-default", headers=STATE["delegate_auth"])
                                        ^^^^^^^^^^^^^^^^^^^
E   KeyError: 'company_id'</failure></testcase><testcase classname="tests.test_fiskid_api.TestShares" name="test_create_share_and_history" time="0.000"><failure message="KeyError: 'auth'">backend/tests/test_fiskid_api.py:174: in test_create_share_and_history
    r = s.post(f"{API}/shares", headers=STATE["auth"])
                                        ^^^^^^^^^^^^^
E   KeyError: 'auth'</failure></testcase><testcase classname="tests.test_fiskid_api.TestShares" name="test_public_share_get" time="0.000"><failure message="KeyError: 'share_token'">backend/tests/test_fiskid_api.py:184: in test_public_share_get
    tok = STATE["share_token"]
          ^^^^^^^^^^^^^^^^^^^^
E   KeyError: 'share_token'</failure></testcase><testcase classname="tests.test_fiskid_api.TestShares" name="test_public_confirm" time="0.000"><failure message="KeyError: 'share_token'">backend/tests/test_fiskid_api.py:198: in test_public_confirm
    tok = STATE["share_token"]
          ^^^^^^^^^^^^^^^^^^^^
E   KeyError: 'share_token'</failure></testcase><testcase classname="tests.test_fiskid_api.TestShares" name="test_public_invalid_token_404" time="0.232" /><testcase classname="tests.test_fiskid_api.TestShares" name="test_revoke_then_public_404" time="0.000"><failure message="KeyError: 'share_token'">backend/tests/test_fiskid_api.py:211: in test_revoke_then_public_404
    tok = STATE["share_token"]
          ^^^^^^^^^^^^^^^^^^^^
E   KeyError: 'share_token'</failure></testcase><testcase classname="tests.test_fiskid_api.TestAuth" name="test_login_unknown_email_401" time="0.308" /><testcase classname="tests.test_multi_identity_wallet.TestWallet" name="test_wallet_tokens_response" time="0.279"><error message="failed on setup with &quot;AssertionError: {&quot;detail&quot;:&quot;Email già registrata&quot;}&#10;assert 409 == 201&#10; +  where 409 = &lt;Response [409]&gt;.status_code&quot;">backend/tests/test_multi_identity_wallet.py:42: in auth_a
    return _register_and_auth(s, EMAIL_A)
           ^^^^^^^^^^^^^^^^^^^^^^^^^^^^^^
backend/tests/test_multi_identity_wallet.py:36: in _register_and_auth
    assert r.status_code == 201, r.text
E   AssertionError: {"detail":"Email già registrata"}
E   assert 409 == 201
E    +  where 409 = &lt;Response [409]&gt;.status_code</error></testcase><testcase classname="tests.test_multi_identity_wallet.TestWallet" name="test_apple_pkpass_content" time="0.000"><failure message="KeyError: 'apple_jwt'">backend/tests/test_multi_identity_wallet.py:226: in test_apple_pkpass_content
    r = s.get(f"{API}/wallet/apple/{STATE['apple_jwt']}")
                                    ^^^^^^^^^^^^^^^^^^
E   KeyError: 'apple_jwt'</failure></testcase><testcase classname="tests.test_multi_identity_wallet.TestWallet" name="test_apple_invalid_jwt_404" time="0.084" /><testcase classname="tests.test_fiskid_api.TestAuth" name="test_me_with_bearer" time="0.094" /><testcase classname="tests.test_multi_identity_wallet.TestWallet" name="test_google_302_redirect" time="0.000"><failure message="KeyError: 'google_jwt'">backend/tests/test_multi_identity_wallet.py:252: in test_google_302_redirect
    f"{API}/wallet/google/{STATE['google_jwt']}",
                           ^^^^^^^^^^^^^^^^^^^
E   KeyError: 'google_jwt'</failure></testcase><testcase classname="tests.test_multi_identity_wallet.TestWallet" name="test_google_invalid_jwt_404" time="0.082" /><testcase classname="tests.test_fiskid_api.TestAuth" name="test_me_without_bearer_401" time="0.127" /><testcase classname="tests.test_multi_identity_wallet.TestSharesWithProfile" name="test_share_default_empty_body" time="0.000"><error message="failed on setup with &quot;AssertionError: {&quot;detail&quot;:&quot;Email già registrata&quot;}&#10;assert 409 == 201&#10; +  where 409 = &lt;Response [409]&gt;.status_code&quot;">backend/tests/test_multi_identity_wallet.py:42: in auth_a
    return _register_and_auth(s, EMAIL_A)
           ^^^^^^^^^^^^^^^^^^^^^^^^^^^^^^
backend/tests/test_multi_identity_wallet.py:36: in _register_and_auth
    assert r.status_code == 201, r.text
E   AssertionError: {"detail":"Email già registrata"}
E   assert 409 == 201
E    +  where 409 = &lt;Response [409]&gt;.status_code</error></testcase><testcase classname="tests.test_multi_identity_wallet.TestSharesWithProfile" name="test_share_specific_profile" time="0.000"><error message="failed on setup with &quot;AssertionError: {&quot;detail&quot;:&quot;Email già registrata&quot;}&#10;assert 409 == 201&#10; +  where 409 = &lt;Response [409]&gt;.status_code&quot;">backend/tests/test_multi_identity_wallet.py:42: in auth_a
    return _register_and_auth(s, EMAIL_A)
           ^^^^^^^^^^^^^^^^^^^^^^^^^^^^^^
backend/tests/test_multi_identity_wallet.py:36: in _register_and_auth
    assert r.status_code == 201, r.text
E   AssertionError: {"detail":"Email già registrata"}
E   assert 409 == 201
E    +  where 409 = &lt;Response [409]&gt;.status_code</error></testcase><testcase classname="tests.test_delegates.TestSharesAsDelegate" name="test_delegate_with_send_can_create_share" time="0.000"><failure message="KeyError: 'company_id'">backend/tests/test_delegates.py:256: in test_delegate_with_send_can_create_share
    json={"fiscal_profile_id": STATE["company_id"]},
                               ^^^^^^^^^^^^^^^^^^^
E   KeyError: 'company_id'</failure></testcase><testcase classname="tests.test_delegates.TestSharesAsDelegate" name="test_delegate_receive_only_forbidden_on_share" time="0.000"><failure message="KeyError: 'company_id'">backend/tests/test_delegates.py:268: in test_delegate_receive_only_forbidden_on_share
    json={"fiscal_profile_id": STATE["company_id"]},
                               ^^^^^^^^^^^^^^^^^^^
E   KeyError: 'company_id'</failure></testcase><testcase classname="tests.test_delegates.TestSharesAsDelegate" name="test_delegate_empty_body_share_400" time="0.000"><failure message="KeyError: 'delegate_auth'">backend/tests/test_delegates.py:277: in test_delegate_empty_body_share_400
    r = s.post(f"{API}/shares", json={}, headers=STATE["delegate_auth"])
                                                 ^^^^^^^^^^^^^^^^^^^^^^
E   KeyError: 'delegate_auth'</failure></testcase><testcase classname="tests.test_delegates.TestSharesAsDelegate" name="test_public_share_of_delegate_created" time="0.000"><failure message="KeyError: 'share_token'">backend/tests/test_delegates.py:282: in test_public_share_of_delegate_created
    r = s.get(f"{API}/public/share/{STATE['share_token']}")
                                    ^^^^^^^^^^^^^^^^^^^^
E   KeyError: 'share_token'</failure></testcase><testcase classname="tests.test_delegates.TestBootstrap" name="test_register_admin_and_create_company" time="0.623" /><testcase classname="tests.test_multi_identity_wallet.TestSharesWithProfile" name="test_share_unowned_profile_404_or_400" time="0.084"><error message="failed on setup with &quot;AssertionError: {&quot;detail&quot;:&quot;Email già registrata&quot;}&#10;assert 409 == 201&#10; +  where 409 = &lt;Response [409]&gt;.status_code&quot;">backend/tests/test_multi_identity_wallet.py:47: in auth_b
    return _register_and_auth(s, EMAIL_B)
           ^^^^^^^^^^^^^^^^^^^^^^^^^^^^^^
backend/tests/test_multi_identity_wallet.py:36: in _register_and_auth
    assert r.status_code == 201, r.text
E   AssertionError: {"detail":"Email già registrata"}
E   assert 409 == 201
E    +  where 409 = &lt;Response [409]&gt;.status_code</error></testcase><testcase classname="tests.test_multi_identity_wallet.TestSharesWithProfile" name="test_public_share_no_private_leak" time="0.000"><failure message="KeyError: 'share_p1_token'">backend/tests/test_multi_identity_wallet.py:196: in test_public_share_no_private_leak
    r = s.get(f"{API}/public/share/{STATE['share_p1_token']}")
                                    ^^^^^^^^^^^^^^^^^^^^^^^
E   KeyError: 'share_p1_token'</failure></testcase><testcase classname="tests.test_fiskid_api.TestForgotReset" name="test_forgot_existing" time="0.163" /><testcase classname="tests.test_fiskid_api.TestForgotReset" name="test_forgot_unknown" time="0.082" /><testcase classname="tests.test_fiskid_api.TestForgotReset" name="test_reset_and_relogin" time="0.693" /><testcase classname="tests.test_delegates.TestBootstrap" name="test_register_unrelated_user" time="0.319" /><testcase classname="tests.test_delegates.TestAutoLinkOnRegister" name="test_register_invited_user_auto_links" time="0.401"><failure message="AssertionError: []&#10;assert 0 == 1&#10; +  where 0 = len([])">backend/tests/test_delegates.py:197: in test_register_invited_user_auto_links
    assert len(delegated) == 1, profs
E   AssertionError: []
E   assert 0 == 1
E    +  where 0 = len([])</failure></testcase><testcase classname="tests.test_multi_identity_wallet.TestLegacyEndpoints" name="test_legacy_get_returns_default" time="0.354"><error message="failed on setup with &quot;AssertionError: {&quot;detail&quot;:&quot;Email già registrata&quot;}&#10;assert 409 == 201&#10; +  where 409 = &lt;Response [409]&gt;.status_code&quot;">backend/tests/test_multi_identity_wallet.py:42: in auth_a
    return _register_and_auth(s, EMAIL_A)
           ^^^^^^^^^^^^^^^^^^^^^^^^^^^^^^
backend/tests/test_multi_identity_wallet.py:36: in _register_and_auth
    assert r.status_code == 201, r.text
E   AssertionError: {"detail":"Email già registrata"}
E   assert 409 == 201
E    +  where 409 = &lt;Response [409]&gt;.status_code</error></testcase><testcase classname="tests.test_multi_identity_wallet.TestLegacyEndpoints" name="test_legacy_post_upserts_default" time="0.000"><error message="failed on setup with &quot;AssertionError: {&quot;detail&quot;:&quot;Email già registrata&quot;}&#10;assert 409 == 201&#10; +  where 409 = &lt;Response [409]&gt;.status_code&quot;">backend/tests/test_multi_identity_wallet.py:42: in auth_a
    return _register_and_auth(s, EMAIL_A)
           ^^^^^^^^^^^^^^^^^^^^^^^^^^^^^^
backend/tests/test_multi_identity_wallet.py:36: in _register_and_auth
    assert r.status_code == 201, r.text
E   AssertionError: {"detail":"Email già registrata"}
E   assert 409 == 201
E    +  where 409 = &lt;Response [409]&gt;.status_code</error></testcase><testcase classname="tests.test_multi_identity_wallet.TestSoftDelete" name="test_delete_default_reassigns" time="0.000"><error message="failed on setup with &quot;AssertionError: {&quot;detail&quot;:&quot;Email già registrata&quot;}&#10;assert 409 == 201&#10; +  where 409 = &lt;Response [409]&gt;.status_code&quot;">backend/tests/test_multi_identity_wallet.py:42: in auth_a
    return _register_and_auth(s, EMAIL_A)
           ^^^^^^^^^^^^^^^^^^^^^^^^^^^^^^
backend/tests/test_multi_identity_wallet.py:36: in _register_and_auth
    assert r.status_code == 201, r.text
E   AssertionError: {"detail":"Email già registrata"}
E   assert 409 == 201
E    +  where 409 = &lt;Response [409]&gt;.status_code</error></testcase><testcase classname="tests.test_delegates.TestAutoLinkOnRegister" name="test_login_also_resolves_pending" time="0.401"><failure message="assert 0 == 1&#10; +  where 0 = len([])">backend/tests/test_delegates.py:215: in test_login_also_resolves_pending
    assert len(delegated) == 1
E   assert 0 == 1
E    +  where 0 = len([])</failure></testcase><testcase classname="tests.test_delegates.TestCompanyDeletionRevokesDelegates" name="test_delete_company_profile_revokes_active_delegate" time="0.086"><failure message="assert False&#10; +  where False = any(&lt;generator object TestCompanyDeletionRevokesDelegates.test_delete_company_profile_revokes_active_delegate.&lt;locals&gt;.&lt;genexpr&gt; at 0xfc482b110740&gt;)">backend/tests/test_delegates.py:373: in test_delete_company_profile_revokes_active_delegate
    assert any(p.get("is_delegate") and p["id"] == STATE["company_id"] for p in pre)
E   assert False
E    +  where False = any(&lt;generator object TestCompanyDeletionRevokesDelegates.test_delete_company_profile_revokes_active_delegate.&lt;locals&gt;.&lt;genexpr&gt; at 0xfc482b110740&gt;)</failure></testcase></testsuite></testsuites>