<?xml version="1.0" encoding="utf-8"?><testsuites name="pytest tests"><testsuite name="pytest" errors="0" failures="0" skipped="0" tests="46" time="8.343" timestamp="2026-09-03T15:56:50.150235+00:00" hostname="agent-env-94f893c0-cbce-423a-b9f4-a9ced8d30156"><testcase classname="tests.test_fiskid_api.TestAuth" name="test_register_duplicate_409" time="0.681" /><testcase classname="tests.test_fiskid_api.TestAuth" name="test_register_short_password_422" time="0.137" /><testcase classname="tests.test_fiskid_api.TestAuth" name="test_login_valid" time="0.319" /><testcase classname="tests.test_fiskid_api.TestAuth" name="test_login_wrong_password_401" time="0.329" /><testcase classname="tests.test_fiskid_api.TestAuth" name="test_login_unknown_email_401" time="0.329" /><testcase classname="tests.test_fiskid_api.TestAuth" name="test_me_with_bearer" time="0.095" /><testcase classname="tests.test_fiskid_api.TestAuth" name="test_me_without_bearer_401" time="0.122" /><testcase classname="tests.test_fiskid_api.TestForgotReset" name="test_forgot_existing" time="0.114" /><testcase classname="tests.test_fiskid_api.TestForgotReset" name="test_forgot_unknown" time="0.094" /><testcase classname="tests.test_fiskid_api.TestForgotReset" name="test_reset_and_relogin" time="0.783" /><testcase classname="tests.test_fiskid_api.TestFiscalProfile" name="test_create_individual_valid" time="0.434" /><testcase classname="tests.test_fiskid_api.TestFiscalProfile" name="test_missing_tax_code_individual_422" time="0.108" /><testcase classname="tests.test_fiskid_api.TestFiscalProfile" name="test_company_vat_not_11_digits_422" time="0.087" /><testcase classname="tests.test_fiskid_api.TestFiscalProfile" name="test_company_missing_business_name_422" time="0.100" /><testcase classname="tests.test_fiskid_api.TestFiscalProfile" name="test_cap_not_5_digits_422" time="0.086" /><testcase classname="tests.test_fiskid_api.TestFiscalProfile" name="test_invalid_recipient_code_422" time="0.094" /><testcase classname="tests.test_fiskid_api.TestFiscalProfile" name="test_get_profile_no_leak" time="0.114" /><testcase classname="tests.test_fiskid_api.TestFiscalProfile" name="test_upsert_updates_same_document" time="0.196" /><testcase classname="tests.test_fiskid_api.TestShares" name="test_create_share_and_history" time="0.181" /><testcase classname="tests.test_fiskid_api.TestShares" name="test_public_share_get" time="0.318" /><testcase classname="tests.test_fiskid_api.TestShares" name="test_public_confirm" time="0.182" /><testcase classname="tests.test_fiskid_api.TestShares" name="test_public_invalid_token_404" time="0.108" /><testcase classname="tests.test_fiskid_api.TestShares" name="test_revoke_then_public_404" time="0.180" /><testcase classname="tests.test_multi_identity_wallet.TestMultiProfiles" name="test_create_first_profile_is_default" time="0.630" /><testcase classname="tests.test_multi_identity_wallet.TestMultiProfiles" name="test_create_second_profile_is_not_default" time="0.085" /><testcase classname="tests.test_multi_identity_wallet.TestMultiProfiles" name="test_create_validation_still_422" time="0.081" /><testcase classname="tests.test_multi_identity_wallet.TestMultiProfiles" name="test_list_profiles" time="0.083" /><testcase classname="tests.test_multi_identity_wallet.TestMultiProfiles" name="test_get_profile_by_id" time="0.087" /><testcase classname="tests.test_multi_identity_wallet.TestMultiProfiles" name="test_get_profile_bad_objectid_404" time="0.087" /><testcase classname="tests.test_multi_identity_wallet.TestMultiProfiles" name="test_get_profile_other_user_404" time="0.386" /><testcase classname="tests.test_multi_identity_wallet.TestMultiProfiles" name="test_update_profile" time="0.091" /><testcase classname="tests.test_multi_identity_wallet.TestMultiProfiles" name="test_update_other_user_404" time="0.078" /><testcase classname="tests.test_multi_identity_wallet.TestMultiProfiles" name="test_update_validation_422" time="0.077" /><testcase classname="tests.test_multi_identity_wallet.TestMultiProfiles" name="test_set_default" time="0.161" /><testcase classname="tests.test_multi_identity_wallet.TestSharesWithProfile" name="test_share_default_empty_body" time="0.086" /><testcase classname="tests.test_multi_identity_wallet.TestSharesWithProfile" name="test_share_specific_profile" time="0.082" /><testcase classname="tests.test_multi_identity_wallet.TestSharesWithProfile" name="test_share_unowned_profile_404_or_400" time="0.078" /><testcase classname="tests.test_multi_identity_wallet.TestSharesWithProfile" name="test_public_share_no_private_leak" time="0.078" /><testcase classname="tests.test_multi_identity_wallet.TestWallet" name="test_wallet_tokens_response" time="0.080" /><testcase classname="tests.test_multi_identity_wallet.TestWallet" name="test_apple_pkpass_content" time="0.087" /><testcase classname="tests.test_multi_identity_wallet.TestWallet" name="test_apple_invalid_jwt_404" time="0.081" /><testcase classname="tests.test_multi_identity_wallet.TestWallet" name="test_google_302_redirect" time="0.094" /><testcase classname="tests.test_multi_identity_wallet.TestWallet" name="test_google_invalid_jwt_404" time="0.083" /><testcase classname="tests.test_multi_identity_wallet.TestSoftDelete" name="test_delete_default_reassigns" time="0.241" /><testcase classname="tests.test_multi_identity_wallet.TestLegacyEndpoints" name="test_legacy_get_returns_default" time="0.082" /><testcase classname="tests.test_multi_identity_wallet.TestLegacyEndpoints" name="test_legacy_post_upserts_default" time="0.157" /></testsuite></testsuites>