<?xml version="1.0" encoding="utf-8"?><testsuites name="pytest tests"><testsuite name="pytest" errors="0" failures="0" skipped="0" tests="15" time="3.145" timestamp="2026-09-03T16:48:49.513850+00:00" hostname="agent-env-94f893c0-cbce-423a-b9f4-a9ced8d30156"><testcase classname="tests.test_login_identifier.TestLoginEdge" name="test_unknown_email_identifier_returns_401" time="0.502" /><testcase classname="tests.test_login_identifier.TestLoginEdge" name="test_unknown_vat_returns_401" time="0.294" /><testcase classname="tests.test_login_identifier.TestLoginByEmail" name="test_login_by_email_identifier" time="0.975" /><testcase classname="tests.test_login_identifier.TestLoginEdge" name="test_unknown_cf_returns_401" time="0.295" /><testcase classname="tests.test_login_identifier.TestLoginByEmail" name="test_login_backward_compat_email_field" time="0.330" /><testcase classname="tests.test_login_identifier.TestLoginEdge" name="test_missing_identifier_and_email" time="0.075" /><testcase classname="tests.test_login_identifier.TestLoginEdge" name="test_empty_identifier_string" time="0.073" /><testcase classname="tests.test_login_identifier.TestLoginByEmail" name="test_login_wrong_password_email" time="0.329" /><testcase classname="tests.test_login_identifier.TestLoginByTaxCode" name="test_login_by_cf_upper" time="0.299" /><testcase classname="tests.test_login_identifier.TestLoginEdge" name="test_short_password_422" time="0.601" /><testcase classname="tests.test_login_identifier.TestLoginByVat" name="test_login_by_vat" time="0.296" /><testcase classname="tests.test_login_identifier.TestLoginByTaxCode" name="test_login_by_cf_lower_normalized" time="0.301" /><testcase classname="tests.test_login_identifier.TestLoginByVat" name="test_login_by_vat_wrong_password" time="0.296" /><testcase classname="tests.test_login_identifier.TestLoginByTaxCode" name="test_login_by_cf_wrong_password" time="0.333" /><testcase classname="tests.test_login_identifier.TestMeAfterIdentifierLogin" name="test_me_endpoint_after_cf_login" time="0.368" /></testsuite></testsuites>