<?xml version="1.0" encoding="utf-8"?><testsuites name="pytest tests"><testsuite name="pytest" errors="0" failures="0" skipped="0" tests="89" time="17.616" timestamp="2026-09-03T20:36:55.804081+00:00" hostname="agent-env-94f893c0-cbce-423a-b9f4-a9ced8d30156"><testcase classname="tests.test_delegates.TestBootstrap" name="test_register_admin_and_create_company" time="0.661" /><testcase classname="tests.test_delegates.TestBootstrap" name="test_register_unrelated_user" time="0.346" /><testcase classname="tests.test_delegates.TestAddDelegate" name="test_non_company_400" time="0.095" /><testcase classname="tests.test_delegates.TestAddDelegate" name="test_other_user_admin_only_404" time="0.084" /><testcase classname="tests.test_delegates.TestAddDelegate" name="test_self_delegation_400" time="0.090" /><testcase classname="tests.test_delegates.TestAddDelegate" name="test_empty_permissions_422" time="0.085" /><testcase classname="tests.test_delegates.TestAddDelegate" name="test_invite_unregistered_email_status_invited" time="0.100" /><testcase classname="tests.test_delegates.TestAddDelegate" name="test_duplicate_409" time="0.102" /><testcase classname="tests.test_delegates.TestAddDelegate" name="test_invite_already_registered_email_status_active" time="0.512" /><testcase classname="tests.test_delegates.TestAutoLinkOnRegister" name="test_register_invited_user_auto_links" time="0.425" /><testcase classname="tests.test_delegates.TestAutoLinkOnRegister" name="test_login_also_resolves_pending" time="0.385" /><testcase classname="tests.test_delegates.TestDelegateProfileAccess" name="test_delegate_get_profile_by_id" time="0.106" /><testcase classname="tests.test_delegates.TestDelegateProfileAccess" name="test_unrelated_user_get_profile_404" time="0.087" /><testcase classname="tests.test_delegates.TestDelegateProfileAccess" name="test_delegate_put_profile_404" time="0.113" /><testcase classname="tests.test_delegates.TestDelegateProfileAccess" name="test_delegate_delete_profile_404" time="0.091" /><testcase classname="tests.test_delegates.TestDelegateProfileAccess" name="test_delegate_set_default_404" time="0.075" /><testcase classname="tests.test_delegates.TestSharesAsDelegate" name="test_delegate_with_send_can_create_share" time="0.097" /><testcase classname="tests.test_delegates.TestSharesAsDelegate" name="test_delegate_receive_only_forbidden_on_share" time="0.092" /><testcase classname="tests.test_delegates.TestSharesAsDelegate" name="test_delegate_empty_body_share_400" time="0.083" /><testcase classname="tests.test_delegates.TestSharesAsDelegate" name="test_public_share_of_delegate_created" time="0.084" /><testcase classname="tests.test_delegates.TestManageDelegates" name="test_patch_wrong_admin_404" time="0.120" /><testcase classname="tests.test_delegates.TestManageDelegates" name="test_patch_empty_perms_422" time="0.111" /><testcase classname="tests.test_delegates.TestManageDelegates" name="test_patch_missing_perms_field_422" time="0.101" /><testcase classname="tests.test_delegates.TestManageDelegates" name="test_patch_updates_permissions" time="0.192" /><testcase classname="tests.test_delegates.TestManageDelegates" name="test_delegate_receive_only_after_patch_cannot_send" time="0.118" /><testcase classname="tests.test_delegates.TestManageDelegates" name="test_wallet_tokens_accessible_by_delegate" time="0.132" /><testcase classname="tests.test_delegates.TestManageDelegates" name="test_delete_delegate_revokes" time="0.311" /><testcase classname="tests.test_delegates.TestCompanyDeletionRevokesDelegates" name="test_delete_company_profile_revokes_active_delegate" time="0.267" /><testcase classname="tests.test_fiskid_api.TestAuth" name="test_register_duplicate_409" time="0.514" /><testcase classname="tests.test_fiskid_api.TestAuth" name="test_register_short_password_422" time="0.086" /><testcase classname="tests.test_fiskid_api.TestAuth" name="test_login_valid" time="0.306" /><testcase classname="tests.test_fiskid_api.TestAuth" name="test_login_wrong_password_401" time="0.313" /><testcase classname="tests.test_fiskid_api.TestAuth" name="test_login_unknown_email_401" time="0.324" /><testcase classname="tests.test_fiskid_api.TestAuth" name="test_me_with_bearer" time="0.104" /><testcase classname="tests.test_fiskid_api.TestAuth" name="test_me_without_bearer_401" time="0.080" /><testcase classname="tests.test_fiskid_api.TestForgotReset" name="test_forgot_existing" time="0.083" /><testcase classname="tests.test_fiskid_api.TestForgotReset" name="test_forgot_unknown" time="0.086" /><testcase classname="tests.test_fiskid_api.TestForgotReset" name="test_reset_and_relogin" time="0.758" /><testcase classname="tests.test_fiskid_api.TestFiscalProfile" name="test_create_individual_valid" time="0.440" /><testcase classname="tests.test_fiskid_api.TestFiscalProfile" name="test_missing_tax_code_individual_422" time="0.085" /><testcase classname="tests.test_fiskid_api.TestFiscalProfile" name="test_company_vat_not_11_digits_422" time="0.080" /><testcase classname="tests.test_fiskid_api.TestFiscalProfile" name="test_company_missing_business_name_422" time="0.084" /><testcase classname="tests.test_fiskid_api.TestFiscalProfile" name="test_cap_not_5_digits_422" time="0.087" /><testcase classname="tests.test_fiskid_api.TestFiscalProfile" name="test_invalid_recipient_code_422" time="0.087" /><testcase classname="tests.test_fiskid_api.TestFiscalProfile" name="test_get_profile_no_leak" time="0.101" /><testcase classname="tests.test_fiskid_api.TestFiscalProfile" name="test_upsert_updates_same_document" time="0.172" /><testcase classname="tests.test_fiskid_api.TestShares" name="test_create_share_and_history" time="0.221" /><testcase classname="tests.test_fiskid_api.TestShares" name="test_public_share_get" time="0.283" /><testcase classname="tests.test_fiskid_api.TestShares" name="test_public_confirm" time="0.186" /><testcase classname="tests.test_fiskid_api.TestShares" name="test_public_invalid_token_404" time="0.108" /><testcase classname="tests.test_fiskid_api.TestShares" name="test_revoke_then_public_404" time="0.218" /><testcase classname="tests.test_multi_identity_wallet.TestMultiProfiles" name="test_create_first_profile_is_default" time="0.433" /><testcase classname="tests.test_multi_identity_wallet.TestMultiProfiles" name="test_create_second_profile_is_not_default" time="0.078" /><testcase classname="tests.test_multi_identity_wallet.TestMultiProfiles" name="test_create_validation_still_422" time="0.075" /><testcase classname="tests.test_multi_identity_wallet.TestMultiProfiles" name="test_list_profiles" time="0.076" /><testcase classname="tests.test_multi_identity_wallet.TestMultiProfiles" name="test_get_profile_by_id" time="0.073" /><testcase classname="tests.test_multi_identity_wallet.TestMultiProfiles" name="test_get_profile_bad_objectid_404" time="0.069" /><testcase classname="tests.test_multi_identity_wallet.TestMultiProfiles" name="test_get_profile_other_user_404" time="0.382" /><testcase classname="tests.test_multi_identity_wallet.TestMultiProfiles" name="test_update_profile" time="0.121" /><testcase classname="tests.test_multi_identity_wallet.TestMultiProfiles" name="test_update_other_user_404" time="0.076" /><testcase classname="tests.test_multi_identity_wallet.TestMultiProfiles" name="test_update_validation_422" time="0.072" /><testcase classname="tests.test_multi_identity_wallet.TestMultiProfiles" name="test_set_default" time="0.138" /><testcase classname="tests.test_multi_identity_wallet.TestSharesWithProfile" name="test_share_default_empty_body" time="0.067" /><testcase classname="tests.test_multi_identity_wallet.TestSharesWithProfile" name="test_share_specific_profile" time="0.072" /><testcase classname="tests.test_multi_identity_wallet.TestSharesWithProfile" name="test_share_unowned_profile_404_or_400" time="0.067" /><testcase classname="tests.test_multi_identity_wallet.TestSharesWithProfile" name="test_public_share_no_private_leak" time="0.068" /><testcase classname="tests.test_multi_identity_wallet.TestWallet" name="test_wallet_tokens_response" time="0.079" /><testcase classname="tests.test_multi_identity_wallet.TestWallet" name="test_apple_pkpass_content" time="0.088" /><testcase classname="tests.test_multi_identity_wallet.TestWallet" name="test_apple_invalid_jwt_404" time="0.080" /><testcase classname="tests.test_multi_identity_wallet.TestWallet" name="test_google_302_redirect" time="0.085" /><testcase classname="tests.test_multi_identity_wallet.TestWallet" name="test_google_invalid_jwt_404" time="0.079" /><testcase classname="tests.test_multi_identity_wallet.TestSoftDelete" name="test_delete_default_reassigns" time="0.245" /><testcase classname="tests.test_multi_identity_wallet.TestLegacyEndpoints" name="test_legacy_get_returns_default" time="0.087" /><testcase classname="tests.test_multi_identity_wallet.TestLegacyEndpoints" name="test_legacy_post_upserts_default" time="0.229" /><testcase classname="tests.test_login_identifier.TestLoginByEmail" name="test_login_by_email_identifier" time="0.930" /><testcase classname="tests.test_login_identifier.TestLoginByEmail" name="test_login_backward_compat_email_field" time="0.297" /><testcase classname="tests.test_login_identifier.TestLoginByEmail" name="test_login_wrong_password_email" time="0.296" /><testcase classname="tests.test_login_identifier.TestLoginByVat" name="test_login_by_vat" time="0.299" /><testcase classname="tests.test_login_identifier.TestLoginByVat" name="test_login_by_vat_wrong_password" time="0.302" /><testcase classname="tests.test_login_identifier.TestLoginByTaxCode" name="test_login_by_cf_upper" time="0.304" /><testcase classname="tests.test_login_identifier.TestLoginByTaxCode" name="test_login_by_cf_lower_normalized" time="0.304" /><testcase classname="tests.test_login_identifier.TestLoginByTaxCode" name="test_login_by_cf_wrong_password" time="0.306" /><testcase classname="tests.test_login_identifier.TestLoginEdge" name="test_unknown_email_identifier_returns_401" time="0.298" /><testcase classname="tests.test_login_identifier.TestLoginEdge" name="test_unknown_vat_returns_401" time="0.299" /><testcase classname="tests.test_login_identifier.TestLoginEdge" name="test_unknown_cf_returns_401" time="0.303" /><testcase classname="tests.test_login_identifier.TestLoginEdge" name="test_missing_identifier_and_email" time="0.078" /><testcase classname="tests.test_login_identifier.TestLoginEdge" name="test_empty_identifier_string" time="0.087" /><testcase classname="tests.test_login_identifier.TestLoginEdge" name="test_short_password_422" time="0.086" /><testcase classname="tests.test_login_identifier.TestMeAfterIdentifierLogin" name="test_me_endpoint_after_cf_login" time="0.387" /></testsuite></testsuites>