<?xml version="1.0" encoding="utf-8"?><testsuites name="pytest tests"><testsuite name="pytest" errors="0" failures="0" skipped="0" tests="23" time="4.584" timestamp="2026-09-03T15:31:28.001565+00:00" hostname="agent-env-94f893c0-cbce-423a-b9f4-a9ced8d30156"><testcase classname="tests.test_fiskid_api.TestAuth" name="test_register_duplicate_409" time="0.599" /><testcase classname="tests.test_fiskid_api.TestAuth" name="test_register_short_password_422" time="0.077" /><testcase classname="tests.test_fiskid_api.TestAuth" name="test_login_valid" time="0.304" /><testcase classname="tests.test_fiskid_api.TestAuth" name="test_login_wrong_password_401" time="0.306" /><testcase classname="tests.test_fiskid_api.TestAuth" name="test_login_unknown_email_401" time="0.302" /><testcase classname="tests.test_fiskid_api.TestAuth" name="test_me_with_bearer" time="0.084" /><testcase classname="tests.test_fiskid_api.TestAuth" name="test_me_without_bearer_401" time="0.074" /><testcase classname="tests.test_fiskid_api.TestForgotReset" name="test_forgot_existing" time="0.080" /><testcase classname="tests.test_fiskid_api.TestForgotReset" name="test_forgot_unknown" time="0.076" /><testcase classname="tests.test_fiskid_api.TestForgotReset" name="test_reset_and_relogin" time="0.685" /><testcase classname="tests.test_fiskid_api.TestFiscalProfile" name="test_create_individual_valid" time="0.398" /><testcase classname="tests.test_fiskid_api.TestFiscalProfile" name="test_missing_tax_code_individual_422" time="0.079" /><testcase classname="tests.test_fiskid_api.TestFiscalProfile" name="test_company_vat_not_11_digits_422" time="0.081" /><testcase classname="tests.test_fiskid_api.TestFiscalProfile" name="test_company_missing_business_name_422" time="0.079" /><testcase classname="tests.test_fiskid_api.TestFiscalProfile" name="test_cap_not_5_digits_422" time="0.077" /><testcase classname="tests.test_fiskid_api.TestFiscalProfile" name="test_invalid_recipient_code_422" time="0.078" /><testcase classname="tests.test_fiskid_api.TestFiscalProfile" name="test_get_profile_no_leak" time="0.075" /><testcase classname="tests.test_fiskid_api.TestFiscalProfile" name="test_upsert_updates_same_document" time="0.159" /><testcase classname="tests.test_fiskid_api.TestShares" name="test_create_share_and_history" time="0.166" /><testcase classname="tests.test_fiskid_api.TestShares" name="test_public_share_get" time="0.262" /><testcase classname="tests.test_fiskid_api.TestShares" name="test_public_confirm" time="0.168" /><testcase classname="tests.test_fiskid_api.TestShares" name="test_public_invalid_token_404" time="0.107" /><testcase classname="tests.test_fiskid_api.TestShares" name="test_revoke_then_public_404" time="0.184" /></testsuite></testsuites>