<?xml version="1.0" encoding="utf-8"?><testsuites name="pytest tests"><testsuite name="pytest" errors="0" failures="0" skipped="0" tests="23" time="5.189" timestamp="2026-09-03T15:56:39.907733+00:00" hostname="agent-env-94f893c0-cbce-423a-b9f4-a9ced8d30156"><testcase classname="tests.test_multi_identity_wallet.TestMultiProfiles" name="test_create_first_profile_is_default" time="0.532" /><testcase classname="tests.test_multi_identity_wallet.TestMultiProfiles" name="test_create_second_profile_is_not_default" time="0.091" /><testcase classname="tests.test_multi_identity_wallet.TestMultiProfiles" name="test_create_validation_still_422" time="0.092" /><testcase classname="tests.test_multi_identity_wallet.TestMultiProfiles" name="test_list_profiles" time="0.074" /><testcase classname="tests.test_multi_identity_wallet.TestMultiProfiles" name="test_get_profile_by_id" time="1.362" /><testcase classname="tests.test_multi_identity_wallet.TestMultiProfiles" name="test_get_profile_bad_objectid_404" time="0.096" /><testcase classname="tests.test_multi_identity_wallet.TestMultiProfiles" name="test_get_profile_other_user_404" time="0.388" /><testcase classname="tests.test_multi_identity_wallet.TestMultiProfiles" name="test_update_profile" time="0.104" /><testcase classname="tests.test_multi_identity_wallet.TestMultiProfiles" name="test_update_other_user_404" time="0.070" /><testcase classname="tests.test_multi_identity_wallet.TestMultiProfiles" name="test_update_validation_422" time="0.085" /><testcase classname="tests.test_multi_identity_wallet.TestMultiProfiles" name="test_set_default" time="0.159" /><testcase classname="tests.test_multi_identity_wallet.TestSharesWithProfile" name="test_share_default_empty_body" time="0.086" /><testcase classname="tests.test_multi_identity_wallet.TestSharesWithProfile" name="test_share_specific_profile" time="0.096" /><testcase classname="tests.test_multi_identity_wallet.TestSharesWithProfile" name="test_share_unowned_profile_404_or_400" time="0.069" /><testcase classname="tests.test_multi_identity_wallet.TestSharesWithProfile" name="test_public_share_no_private_leak" time="0.923" /><testcase classname="tests.test_multi_identity_wallet.TestWallet" name="test_wallet_tokens_response" time="0.088" /><testcase classname="tests.test_multi_identity_wallet.TestWallet" name="test_apple_pkpass_content" time="0.074" /><testcase classname="tests.test_multi_identity_wallet.TestWallet" name="test_apple_invalid_jwt_404" time="0.088" /><testcase classname="tests.test_multi_identity_wallet.TestWallet" name="test_google_302_redirect" time="0.090" /><testcase classname="tests.test_multi_identity_wallet.TestWallet" name="test_google_invalid_jwt_404" time="0.068" /><testcase classname="tests.test_multi_identity_wallet.TestSoftDelete" name="test_delete_default_reassigns" time="0.245" /><testcase classname="tests.test_multi_identity_wallet.TestLegacyEndpoints" name="test_legacy_get_returns_default" time="0.088" /><testcase classname="tests.test_multi_identity_wallet.TestLegacyEndpoints" name="test_legacy_post_upserts_default" time="0.156" /></testsuite></testsuites>