<?xml version="1.0" encoding="utf-8"?><testsuites name="pytest tests"><testsuite name="pytest" errors="0" failures="0" skipped="0" tests="28" time="4.675" timestamp="2026-09-03T16:18:56.941282+00:00" hostname="agent-env-94f893c0-cbce-423a-b9f4-a9ced8d30156"><testcase classname="tests.test_delegates.TestBootstrap" name="test_register_admin_and_create_company" time="0.718" /><testcase classname="tests.test_delegates.TestBootstrap" name="test_register_unrelated_user" time="0.306" /><testcase classname="tests.test_delegates.TestAddDelegate" name="test_non_company_400" time="0.086" /><testcase classname="tests.test_delegates.TestAddDelegate" name="test_other_user_admin_only_404" time="0.090" /><testcase classname="tests.test_delegates.TestAddDelegate" name="test_self_delegation_400" time="0.083" /><testcase classname="tests.test_delegates.TestAddDelegate" name="test_empty_permissions_422" time="0.084" /><testcase classname="tests.test_delegates.TestAddDelegate" name="test_invite_unregistered_email_status_invited" time="0.085" /><testcase classname="tests.test_delegates.TestAddDelegate" name="test_duplicate_409" time="0.083" /><testcase classname="tests.test_delegates.TestAddDelegate" name="test_invite_already_registered_email_status_active" time="0.383" /><testcase classname="tests.test_delegates.TestAutoLinkOnRegister" name="test_register_invited_user_auto_links" time="0.405" /><testcase classname="tests.test_delegates.TestAutoLinkOnRegister" name="test_login_also_resolves_pending" time="0.381" /><testcase classname="tests.test_delegates.TestDelegateProfileAccess" name="test_delegate_get_profile_by_id" time="0.081" /><testcase classname="tests.test_delegates.TestDelegateProfileAccess" name="test_unrelated_user_get_profile_404" time="0.088" /><testcase classname="tests.test_delegates.TestDelegateProfileAccess" name="test_delegate_put_profile_404" time="0.091" /><testcase classname="tests.test_delegates.TestDelegateProfileAccess" name="test_delegate_delete_profile_404" time="0.085" /><testcase classname="tests.test_delegates.TestDelegateProfileAccess" name="test_delegate_set_default_404" time="0.081" /><testcase classname="tests.test_delegates.TestSharesAsDelegate" name="test_delegate_with_send_can_create_share" time="0.083" /><testcase classname="tests.test_delegates.TestSharesAsDelegate" name="test_delegate_receive_only_forbidden_on_share" time="0.087" /><testcase classname="tests.test_delegates.TestSharesAsDelegate" name="test_delegate_empty_body_share_400" time="0.078" /><testcase classname="tests.test_delegates.TestSharesAsDelegate" name="test_public_share_of_delegate_created" time="0.088" /><testcase classname="tests.test_delegates.TestManageDelegates" name="test_patch_wrong_admin_404" time="0.103" /><testcase classname="tests.test_delegates.TestManageDelegates" name="test_patch_empty_perms_422" time="0.075" /><testcase classname="tests.test_delegates.TestManageDelegates" name="test_patch_missing_perms_field_422" time="0.079" /><testcase classname="tests.test_delegates.TestManageDelegates" name="test_patch_updates_permissions" time="0.170" /><testcase classname="tests.test_delegates.TestManageDelegates" name="test_delegate_receive_only_after_patch_cannot_send" time="0.088" /><testcase classname="tests.test_delegates.TestManageDelegates" name="test_wallet_tokens_accessible_by_delegate" time="0.083" /><testcase classname="tests.test_delegates.TestManageDelegates" name="test_delete_delegate_revokes" time="0.246" /><testcase classname="tests.test_delegates.TestCompanyDeletionRevokesDelegates" name="test_delete_company_profile_revokes_active_delegate" time="0.270" /></testsuite></testsuites>