<?xml version="1.0" encoding="utf-8"?><testsuites name="pytest tests"><testsuite name="pytest" errors="0" failures="0" skipped="0" tests="89" time="15.885" timestamp="2026-09-03T16:49:01.978634+00:00" hostname="agent-env-94f893c0-cbce-423a-b9f4-a9ced8d30156"><testcase classname="tests.test_delegates.TestBootstrap" name="test_register_admin_and_create_company" time="0.552" /><testcase classname="tests.test_delegates.TestBootstrap" name="test_register_unrelated_user" time="0.292" /><testcase classname="tests.test_delegates.TestAddDelegate" name="test_non_company_400" time="0.079" /><testcase classname="tests.test_delegates.TestAddDelegate" name="test_other_user_admin_only_404" time="0.088" /><testcase classname="tests.test_delegates.TestAddDelegate" name="test_self_delegation_400" time="0.071" /><testcase classname="tests.test_delegates.TestAddDelegate" name="test_empty_permissions_422" time="0.075" /><testcase classname="tests.test_delegates.TestAddDelegate" name="test_invite_unregistered_email_status_invited" time="0.077" /><testcase classname="tests.test_delegates.TestAddDelegate" name="test_duplicate_409" time="0.072" /><testcase classname="tests.test_delegates.TestAddDelegate" name="test_invite_already_registered_email_status_active" time="0.387" /><testcase classname="tests.test_delegates.TestAutoLinkOnRegister" name="test_register_invited_user_auto_links" time="0.374" /><testcase classname="tests.test_delegates.TestAutoLinkOnRegister" name="test_login_also_resolves_pending" time="0.368" /><testcase classname="tests.test_delegates.TestDelegateProfileAccess" name="test_delegate_get_profile_by_id" time="0.084" /><testcase classname="tests.test_delegates.TestDelegateProfileAccess" name="test_unrelated_user_get_profile_404" time="0.091" /><testcase classname="tests.test_delegates.TestDelegateProfileAccess" name="test_delegate_put_profile_404" time="0.068" /><testcase classname="tests.test_delegates.TestDelegateProfileAccess" name="test_delegate_delete_profile_404" time="0.076" /><testcase classname="tests.test_delegates.TestDelegateProfileAccess" name="test_delegate_set_default_404" time="0.080" /><testcase classname="tests.test_delegates.TestSharesAsDelegate" name="test_delegate_with_send_can_create_share" time="0.068" /><testcase classname="tests.test_delegates.TestSharesAsDelegate" name="test_delegate_receive_only_forbidden_on_share" time="0.078" /><testcase classname="tests.test_delegates.TestSharesAsDelegate" name="test_delegate_empty_body_share_400" time="0.075" /><testcase classname="tests.test_delegates.TestSharesAsDelegate" name="test_public_share_of_delegate_created" time="0.069" /><testcase classname="tests.test_delegates.TestManageDelegates" name="test_patch_wrong_admin_404" time="0.080" /><testcase classname="tests.test_delegates.TestManageDelegates" name="test_patch_empty_perms_422" time="0.075" /><testcase classname="tests.test_delegates.TestManageDelegates" name="test_patch_missing_perms_field_422" time="0.069" /><testcase classname="tests.test_delegates.TestManageDelegates" name="test_patch_updates_permissions" time="0.154" /><testcase classname="tests.test_delegates.TestManageDelegates" name="test_delegate_receive_only_after_patch_cannot_send" time="0.066" /><testcase classname="tests.test_delegates.TestManageDelegates" name="test_wallet_tokens_accessible_by_delegate" time="0.083" /><testcase classname="tests.test_delegates.TestManageDelegates" name="test_delete_delegate_revokes" time="0.225" /><testcase classname="tests.test_delegates.TestCompanyDeletionRevokesDelegates" name="test_delete_company_profile_revokes_active_delegate" time="0.238" /><testcase classname="tests.test_fiskid_api.TestAuth" name="test_register_duplicate_409" time="0.532" /><testcase classname="tests.test_fiskid_api.TestAuth" name="test_register_short_password_422" time="0.081" /><testcase classname="tests.test_fiskid_api.TestAuth" name="test_login_valid" time="0.302" /><testcase classname="tests.test_fiskid_api.TestAuth" name="test_login_wrong_password_401" time="0.301" /><testcase classname="tests.test_fiskid_api.TestAuth" name="test_login_unknown_email_401" time="0.312" /><testcase classname="tests.test_fiskid_api.TestAuth" name="test_me_with_bearer" time="0.078" /><testcase classname="tests.test_fiskid_api.TestAuth" name="test_me_without_bearer_401" time="0.075" /><testcase classname="tests.test_fiskid_api.TestForgotReset" name="test_forgot_existing" time="0.084" /><testcase classname="tests.test_fiskid_api.TestForgotReset" name="test_forgot_unknown" time="0.074" /><testcase classname="tests.test_fiskid_api.TestForgotReset" name="test_reset_and_relogin" time="0.681" /><testcase classname="tests.test_fiskid_api.TestFiscalProfile" name="test_create_individual_valid" time="0.387" /><testcase classname="tests.test_fiskid_api.TestFiscalProfile" name="test_missing_tax_code_individual_422" time="0.081" /><testcase classname="tests.test_fiskid_api.TestFiscalProfile" name="test_company_vat_not_11_digits_422" time="0.074" /><testcase classname="tests.test_fiskid_api.TestFiscalProfile" name="test_company_missing_business_name_422" time="0.088" /><testcase classname="tests.test_fiskid_api.TestFiscalProfile" name="test_cap_not_5_digits_422" time="0.076" /><testcase classname="tests.test_fiskid_api.TestFiscalProfile" name="test_invalid_recipient_code_422" time="0.075" /><testcase classname="tests.test_fiskid_api.TestFiscalProfile" name="test_get_profile_no_leak" time="0.078" /><testcase classname="tests.test_fiskid_api.TestFiscalProfile" name="test_upsert_updates_same_document" time="0.169" /><testcase classname="tests.test_fiskid_api.TestShares" name="test_create_share_and_history" time="0.209" /><testcase classname="tests.test_fiskid_api.TestShares" name="test_public_share_get" time="0.231" /><testcase classname="tests.test_fiskid_api.TestShares" name="test_public_confirm" time="0.157" /><testcase classname="tests.test_fiskid_api.TestShares" name="test_public_invalid_token_404" time="0.081" /><testcase classname="tests.test_fiskid_api.TestShares" name="test_revoke_then_public_404" time="0.146" /><testcase classname="tests.test_login_identifier.TestLoginByEmail" name="test_login_by_email_identifier" time="0.851" /><testcase classname="tests.test_login_identifier.TestLoginByEmail" name="test_login_backward_compat_email_field" time="0.281" /><testcase classname="tests.test_login_identifier.TestLoginByEmail" name="test_login_wrong_password_email" time="0.294" /><testcase classname="tests.test_login_identifier.TestLoginByVat" name="test_login_by_vat" time="0.293" /><testcase classname="tests.test_login_identifier.TestLoginByVat" name="test_login_by_vat_wrong_password" time="0.282" /><testcase classname="tests.test_login_identifier.TestLoginByTaxCode" name="test_login_by_cf_upper" time="0.323" /><testcase classname="tests.test_login_identifier.TestLoginByTaxCode" name="test_login_by_cf_lower_normalized" time="0.293" /><testcase classname="tests.test_login_identifier.TestLoginByTaxCode" name="test_login_by_cf_wrong_password" time="0.290" /><testcase classname="tests.test_login_identifier.TestLoginEdge" name="test_unknown_email_identifier_returns_401" time="0.290" /><testcase classname="tests.test_login_identifier.TestLoginEdge" name="test_unknown_vat_returns_401" time="0.295" /><testcase classname="tests.test_login_identifier.TestLoginEdge" name="test_unknown_cf_returns_401" time="0.281" /><testcase classname="tests.test_login_identifier.TestLoginEdge" name="test_missing_identifier_and_email" time="0.074" /><testcase classname="tests.test_login_identifier.TestLoginEdge" name="test_empty_identifier_string" time="0.074" /><testcase classname="tests.test_login_identifier.TestLoginEdge" name="test_short_password_422" time="0.066" /><testcase classname="tests.test_login_identifier.TestMeAfterIdentifierLogin" name="test_me_endpoint_after_cf_login" time="0.385" /><testcase classname="tests.test_multi_identity_wallet.TestMultiProfiles" name="test_create_first_profile_is_default" time="0.430" /><testcase classname="tests.test_multi_identity_wallet.TestMultiProfiles" name="test_create_second_profile_is_not_default" time="0.085" /><testcase classname="tests.test_multi_identity_wallet.TestMultiProfiles" name="test_create_validation_still_422" time="0.073" /><testcase classname="tests.test_multi_identity_wallet.TestMultiProfiles" name="test_list_profiles" time="0.082" /><testcase classname="tests.test_multi_identity_wallet.TestMultiProfiles" name="test_get_profile_by_id" time="0.081" /><testcase classname="tests.test_multi_identity_wallet.TestMultiProfiles" name="test_get_profile_bad_objectid_404" time="0.069" /><testcase classname="tests.test_multi_identity_wallet.TestMultiProfiles" name="test_get_profile_other_user_404" time="0.403" /><testcase classname="tests.test_multi_identity_wallet.TestMultiProfiles" name="test_update_profile" time="0.074" /><testcase classname="tests.test_multi_identity_wallet.TestMultiProfiles" name="test_update_other_user_404" time="0.079" /><testcase classname="tests.test_multi_identity_wallet.TestMultiProfiles" name="test_update_validation_422" time="0.085" /><testcase classname="tests.test_multi_identity_wallet.TestMultiProfiles" name="test_set_default" time="0.148" /><testcase classname="tests.test_multi_identity_wallet.TestSharesWithProfile" name="test_share_default_empty_body" time="0.081" /><testcase classname="tests.test_multi_identity_wallet.TestSharesWithProfile" name="test_share_specific_profile" time="0.067" /><testcase classname="tests.test_multi_identity_wallet.TestSharesWithProfile" name="test_share_unowned_profile_404_or_400" time="0.075" /><testcase classname="tests.test_multi_identity_wallet.TestSharesWithProfile" name="test_public_share_no_private_leak" time="0.085" /><testcase classname="tests.test_multi_identity_wallet.TestWallet" name="test_wallet_tokens_response" time="0.074" /><testcase classname="tests.test_multi_identity_wallet.TestWallet" name="test_apple_pkpass_content" time="0.081" /><testcase classname="tests.test_multi_identity_wallet.TestWallet" name="test_apple_invalid_jwt_404" time="0.082" /><testcase classname="tests.test_multi_identity_wallet.TestWallet" name="test_google_302_redirect" time="0.068" /><testcase classname="tests.test_multi_identity_wallet.TestWallet" name="test_google_invalid_jwt_404" time="0.082" /><testcase classname="tests.test_multi_identity_wallet.TestSoftDelete" name="test_delete_default_reassigns" time="0.385" /><testcase classname="tests.test_multi_identity_wallet.TestLegacyEndpoints" name="test_legacy_get_returns_default" time="0.092" /><testcase classname="tests.test_multi_identity_wallet.TestLegacyEndpoints" name="test_legacy_post_upserts_default" time="0.152" /></testsuite></testsuites>